🚀 Resumap Scout starting...
🔗 Fetching active users from Replit...
✅ Found 1 active user(s).
🚀 Resumap Scout starting for Product Manager (User: 1)...
📡 Searching for: Product Manager in San Francisco
🔗 TEST THIS LINK: https://api.adzuna.com/v1/api/jobs/us/search/1?app_id=f2967c41&app_key=d5bc28ffc0a8ef776c2cbb6412cea597&what=Product%20Manager&where=San%20Francisco&full_time=1&results_per_page=50&max_days_old=30
🕵️ Deep-sniffing 50 leads for hidden aggregators...
🟢 KEEPING: Product Manager, Models | Company: hive | Dest: https://www.adzuna.com/land/ad/5617320820?se=2ksll...
🟢 KEEPING: Product Manager - Remote | Company: ecapital | Dest: https://www.adzuna.com/land/ad/5646134653?se=2ksll...
🟢 KEEPING: Product Manager, Consumer Applications | Company: hive | Dest: https://www.adzuna.com/land/ad/5617319612?se=2ksll...
🟢 KEEPING: Product Manager, Hive Data | Company: hive | Dest: https://www.adzuna.com/land/ad/5617311031?se=2ksll...
🟢 KEEPING: Senior Technical Product Manager - Remote | Company: ava labs | Dest: https://www.adzuna.com/land/ad/5636147870?se=2ksll...
🟢 KEEPING: Senior Director, Product Management - AI Products - Remote | Company: highlevel | Dest: https://www.adzuna.com/land/ad/5624301110?se=2ksll...
🟢 KEEPING: Director, Product Management, Exchange & Liquidity | Company: ripple | Dest: https://www.adzuna.com/land/ad/5617319662?se=2ksll...
🟢 KEEPING: Senior Product Manager, Onboarding & Safety | Company: twitch | Dest: https://www.adzuna.com/land/ad/5624299381?se=2ksll...
🟢 KEEPING: Director, Product Management - Vehicle Platform | Company: samsara | Dest: https://www.adzuna.com/land/ad/5633174249?se=2ksll...
🟢 KEEPING: Product Manager, Site Integrations and Payments - Remote | Company: par technology | Dest: https://www.adzuna.com/land/ad/5646137835?se=2ksll...
🟢 KEEPING: Senior Product Manager, Custody & Blockchain - Remote | Company: paxos | Dest: https://www.adzuna.com/land/ad/5634616337?se=2ksll...
🟢 KEEPING: Staff Product Manager, Support & Services Systems - Remote | Company: cribl | Dest: https://www.adzuna.com/land/ad/5621433251?se=2ksll...
🟢 KEEPING: Senior AI Risk Product Manager, AI.x | Company: charles schwab | Dest: https://www.adzuna.com/land/ad/5646138011?se=2ksll...
🟢 KEEPING: Product Manager | Company: factory | Dest: https://www.adzuna.com/details/5636590100?utm_medi...
🟢 KEEPING: Product Manager | Company: adapt | Dest: https://www.adzuna.com/details/5635190989?utm_medi...
🟢 KEEPING: Product Manager | Company: outset | Dest: https://www.adzuna.com/details/5620904369?utm_medi...
🟢 KEEPING: Product Manager | Company: sandberg goldberg bernthal family foundation | Dest: https://www.adzuna.com/details/5646732298?utm_medi...
🟢 KEEPING: Product Manager | Company: benchling | Dest: https://www.adzuna.com/details/5634680731?utm_medi...
🟢 KEEPING: Product Manager | Company: tavus | Dest: https://www.adzuna.com/details/5636966153?utm_medi...
🟢 KEEPING: Product Manager | Company: envoy | Dest: https://www.adzuna.com/details/5634605001?utm_medi...
🟢 KEEPING: Product Manager | Company: tyba | Dest: https://www.adzuna.com/details/5631229970?utm_medi...
🟢 KEEPING: Product Manager | Company: paraform | Dest: https://www.adzuna.com/details/5628608229?utm_medi...
🟢 KEEPING: Senior Product Marketing Manager | Company: skillsoft | Dest: https://www.adzuna.com/land/ad/5648759990?se=2ksll...
🟢 KEEPING: Principal Product Manager | Company: jiffy | Dest: https://www.adzuna.com/details/5615838523?utm_medi...
🟢 KEEPING: Product Manager, Activation | Company: anrok | Dest: https://www.adzuna.com/land/ad/5618020917?se=2ksll...
🟢 KEEPING: Product Manager, Platform | Company: anrok | Dest: https://www.adzuna.com/land/ad/5618227287?se=2ksll...
🟢 KEEPING: Product Manager, Intelligence | Company: sierra | Dest: https://www.adzuna.com/land/ad/5626193401?se=2ksll...
🟢 KEEPING: Product Manager, Assist | Company: sierra | Dest: https://www.adzuna.com/land/ad/5640118618?se=2ksll...
🟢 KEEPING: Associate Product Manager | Company: samsara | Dest: https://www.adzuna.com/details/5629768277?utm_medi...
🟢 KEEPING: Senior Product Manager | Company: recruiting from scratch | Dest: https://www.adzuna.com/details/5614746926?utm_medi...
🟢 KEEPING: Senior Product Manager | Company: shipt | Dest: https://www.adzuna.com/details/5646840279?utm_medi...
🟢 KEEPING: Senior Product Manager | Company: cargomatic | Dest: https://www.adzuna.com/details/5645486192?utm_medi...
🟢 KEEPING: Technical Product Manager | Company: recruiting from scratch | Dest: https://www.adzuna.com/details/5641559420?utm_medi...
🟢 KEEPING: Founding Product Manager | Company: harper | Dest: https://www.adzuna.com/details/5634822294?utm_medi...
🟢 KEEPING: Technical Product Manager | Company: pump | Dest: https://www.adzuna.com/details/5651344237?utm_medi...
🟢 KEEPING: Senior Product Manager | Company: recruiting from scratch | Dest: https://www.adzuna.com/details/5617351076?utm_medi...
🟢 KEEPING: Senior Product Manager | Company: shipt | Dest: https://www.adzuna.com/details/5645473052?utm_medi...
🟢 KEEPING: Lead Product Manager | Company: nirvana insurance | Dest: https://www.adzuna.com/details/5613939942?utm_medi...
🟢 KEEPING: Product Manager, Chemistry | Company: benchling | Dest: https://www.adzuna.com/details/5635295765?utm_medi...
🟢 KEEPING: Product Manager – Networking | Company: lambda | Dest: https://www.adzuna.com/details/5650460098?utm_medi...
🟢 KEEPING: Product Manager, Research | Company: decagon | Dest: https://www.adzuna.com/details/5647813506?utm_medi...
🟢 KEEPING: Staff Product Manager | Company: brex | Dest: https://www.adzuna.com/details/5643825711?utm_medi...
🟢 KEEPING: External Product Manager | Company: lambda | Dest: https://www.adzuna.com/details/5653781531?utm_medi...
🟢 KEEPING: Senior Product Manager | Company: adobe | Dest: https://www.adzuna.com/details/5622873497?utm_medi...
🟢 KEEPING: Product Manager, Automation | Company: benchling | Dest: https://www.adzuna.com/details/5635512553?utm_medi...
🟢 KEEPING: Senior Product Manager | Company: nirvana insurance | Dest: https://www.adzuna.com/details/5639848079?utm_medi...
🟢 KEEPING: Senior Product Manager | Company: adobe | Dest: https://www.adzuna.com/details/5619332046?utm_medi...
🟢 KEEPING: Product Manager, Growth | Company: hilbert's ai | Dest: https://www.adzuna.com/details/5635286978?utm_medi...
🟢 KEEPING: Product Manager, Visitors | Company: envoy | Dest: https://www.adzuna.com/details/5635270276?utm_medi...
🟢 KEEPING: Product Manager, Platform | Company: brain co. | Dest: https://www.adzuna.com/details/5632351649?utm_medi...
✅ Success! Found 50 high-quality leads.
Found 50 potential leads for User 1.
🔍 Deep-scanning: Product Manager, Models @ Hive...
📊 Product Manager, Models: 95%
🔍 Deep-scanning: Product Manager - Remote @ eCapital...
📊 Product Manager - Remote: 92%
🔍 Deep-scanning: Product Manager, Consumer Applications @ Hive...
📊 Product Manager, Consumer Applications: 93%
🔍 Deep-scanning: Product Manager, Hive Data @ Hive...
📊 Product Manager, Hive Data: 95%
🔍 Deep-scanning: Senior Technical Product Manager - Remote @ Ava Labs...
📊 Senior Technical Product Manager - Remote: 78%
🔍 Deep-scanning: Senior Director, Product Management - AI Products - Remote @ HighLevel...
📊 Senior Director, Product Management - AI Products - Remote: 92%
🔍 Deep-scanning: Director, Product Management, Exchange & Liquidity @ Ripple...
📊 Director, Product Management, Exchange & Liquidity: 95%
🔍 Deep-scanning: Senior Product Manager, Onboarding & Safety @ Twitch...
📊 Senior Product Manager, Onboarding & Safety: 92%
🔍 Deep-scanning: Director, Product Management - Vehicle Platform @ Samsara...
📊 Director, Product Management - Vehicle Platform: 91%
🔍 Deep-scanning: Product Manager, Site Integrations and Payments - Remote @ PAR Technology...
📊 Product Manager, Site Integrations and Payments - Remote: 92%
🏆 Selected 9 top matches (80%+ fit)
🎯 Tailoring Top Match: Hive (95%)
